Arguments: 
  /usr/local/bin/node /usr/local/bin/yarn

PATH: 
  /opt/local/bin:/opt/local/sbin:/Library/Frameworks/Python.framework/Versions/3.5/bin:/Users/JenaChoi/.rbenv/shims:/Users/JenaChoi/.rbenv/shims:/Users/JenaChoi/.rbenv/shims:/Library/Frameworks/Python.framework/Versions/3.5/bin:Desktop/UofTears/2016-17/winter2017/209test/:/Library/Frameworks/Python.framework/Versions/3.5/bin:/Library/Frameworks/Python.framework/Versions/3.4/bin:/Library/Frameworks/Python.framework/Versions/3.4/bin:/Users/JenaChoi/.rvm/gems/ruby-2.3.1/bin:/Users/JenaChoi/.rvm/gems/ruby-2.3.1@global/bin:/Users/JenaChoi/.rvm/rubies/ruby-2.3.1/bin:/usr/local/bin:/usr/bin:/bin:/usr/sbin:/sbin:/Users/JenaChoi/.rvm/bin

Yarn version: 
  1.5.1

Node version: 
  4.4.7

Platform: 
  darwin x64

npm manifest: 
  {
    "name": "part-2",
    "version": "0.1.0",
    "private": true,
    "homepage": "https://sldksdfsdffj.com",
    "dependencies": {
      "node": "^9.5.0",
      "react": "^16.2.0",
      "react-dom": "^16.2.0",
      "react-scripts": "1.1.1"
    },
    "scripts": {
      "start": "react-scripts start",
      "build": "react-scripts build",
      "test": "react-scripts test --env=jsdom",
      "eject": "react-scripts eject"
    },
    "proxy": "http://localhost:5000/"
  }

yarn manifest: 
  No manifest

Lockfile: 
  No lockfile

Trace: 
  Error: Found incompatible module
      at MessageError.Error (native)
      at new MessageError (/usr/local/lib/node_modules/yarn/lib/cli.js:186:110)
      at checkOne (/usr/local/lib/node_modules/yarn/lib/cli.js:62444:11)
      at Object.check (/usr/local/lib/node_modules/yarn/lib/cli.js:62463:5)
      at /usr/local/lib/node_modules/yarn/lib/cli.js:22803:73
      at next (native)
      at step (/usr/local/lib/node_modules/yarn/lib/cli.js:98:30)
      at /usr/local/lib/node_modules/yarn/lib/cli.js:109:13
      at run (/usr/local/lib/node_modules/yarn/lib/cli.js:100334:22)
      at /usr/local/lib/node_modules/yarn/lib/cli.js:100347:28
